{"name": "Registration new user -- @1.2 ", "status": "broken", "statusDetails": {"message": "selenium.common.exceptions.NoSuchElementException: Message: no such element: Unable to locate element: {\"method\":\"xpath\",\"selector\":\"/html/body/div/div[2]/div/div/div[1]/div/div/h3\"}\n  (Session info: chrome=115.0.5790.171); For documentation on this error, please visit: https://www.selenium.dev/documentation/webdriver/troubleshooting/errors#no-such-element-exception\nStacktrace:\nBacktrace:\n\tGetHandleVerifier [0x00EAA813+48355]\n\t(No symbol) [0x00E3C4B1]\n\t(No symbol) [0x00D45358]\n\t(No symbol) [0x00D709A5]\n\t(No symbol) [0x00D70B3B]\n\t(No symbol) [0x00D9E232]\n\t(No symbol) [0x00D8A784]\n\t(No symbol) [0x00D9C922]\n\t(No symbol) [0x00D8A536]\n\t(No symbol) [0x00D682DC]\n\t(No symbol) [0x00D693DD]\n\tGetHandleVerifier [0x0110AABD+2539405]\n\tGetHandleVerifier [0x0114A78F+2800735]\n\tGetHandleVerifier [0x0114456C+2775612]\n\tGetHandleVerifier [0x00F351E0+616112]\n\t(No symbol) [0x00E45F8C]\n\t(No symbol) [0x00E42328]\n\t(No symbol) [0x00E4240B]\n\t(No symbol) [0x00E34FF7]\n\tBaseThreadInitThunk [0x75EF7D59+25]\n\tRtlInitializeExceptionChain [0x770BB79B+107]\n\tRtlClearBits [0x770BB71F+191]\n\n", "trace": "  File \"C:\\Users\\innoson\\PycharmProjects\\test-oya\\venv\\lib\\site-packages\\behave\\model.py\", line 1329, in run\n    match.run(runner.context)\n  File \"C:\\Users\\innoson\\PycharmProjects\\test-oya\\venv\\lib\\site-packages\\behave\\matchers.py\", line 98, in run\n    self.func(context, *args, **kwargs)\n  File \"features\\steps\\registersteps.py\", line 55, in step_impl\n    text = context.driver.find_element(By.XPATH, \"/html/body/div/div[2]/div/div/div[1]/div/div/h3\").text\n  File \"C:\\Users\\innoson\\PycharmProjects\\test-oya\\venv\\lib\\site-packages\\selenium\\webdriver\\remote\\webdriver.py\", line 740, in find_element\n    return self.execute(Command.FIND_ELEMENT, {\"using\": by, \"value\": value})[\"value\"]\n  File \"C:\\Users\\innoson\\PycharmProjects\\test-oya\\venv\\lib\\site-packages\\selenium\\webdriver\\remote\\webdriver.py\", line 346, in execute\n    self.error_handler.check_response(response)\n  File \"C:\\Users\\innoson\\PycharmProjects\\test-oya\\venv\\lib\\site-packages\\selenium\\webdriver\\remote\\errorhandler.py\", line 245, in check_response\n    raise exception_class(message, screen, stacktrace)\n"}, "steps": [{"name": "Given Launch chrome browser", "status": "passed", "start": 1691758684056, "stop": 1691758686559}, {"name": "When Open register page", "status": "passed", "start": 1691758686560, "stop": 1691758688656}, {"name": "And Enter firstname \"William\" and lastname \"Obese\"", "status": "passed", "start": 1691758688656, "stop": 1691758689445}, {"name": "And Select Ghana", "status": "passed", "start": 1691758689446, "stop": 1691758689541}, {"name": "And Enter Phone number", "status": "passed", "start": 1691758689541, "stop": 1691758689960}, {"name": "And Enter PIN", "status": "passed", "start": 1691758689960, "stop": 1691758690281}, {"name": "And Click on Enter", "status": "passed", "start": 1691758690281, "stop": 1691758690555}, {"name": "Then Enter first \"0508038271\" and second \"0277718147\"", "status": "passed", "start": 1691758690556, "stop": 1691758691084}, {"name": "Then Click on Submit", "status": "passed", "start": 1691758691084, "stop": 1691758691173}, {"name": "Then Redirection to Login page", "status": "broken", "statusDetails": {"message": "selenium.common.exceptions.NoSuchElementException: Message: no such element: Unable to locate element: {\"method\":\"xpath\",\"selector\":\"/html/body/div/div[2]/div/div/div[1]/div/div/h3\"}\n  (Session info: chrome=115.0.5790.171); For documentation on this error, please visit: https://www.selenium.dev/documentation/webdriver/troubleshooting/errors#no-such-element-exception\nStacktrace:\nBacktrace:\n\tGetHandleVerifier [0x00EAA813+48355]\n\t(No symbol) [0x00E3C4B1]\n\t(No symbol) [0x00D45358]\n\t(No symbol) [0x00D709A5]\n\t(No symbol) [0x00D70B3B]\n\t(No symbol) [0x00D9E232]\n\t(No symbol) [0x00D8A784]\n\t(No symbol) [0x00D9C922]\n\t(No symbol) [0x00D8A536]\n\t(No symbol) [0x00D682DC]\n\t(No symbol) [0x00D693DD]\n\tGetHandleVerifier [0x0110AABD+2539405]\n\tGetHandleVerifier [0x0114A78F+2800735]\n\tGetHandleVerifier [0x0114456C+2775612]\n\tGetHandleVerifier [0x00F351E0+616112]\n\t(No symbol) [0x00E45F8C]\n\t(No symbol) [0x00E42328]\n\t(No symbol) [0x00E4240B]\n\t(No symbol) [0x00E34FF7]\n\tBaseThreadInitThunk [0x75EF7D59+25]\n\tRtlInitializeExceptionChain [0x770BB79B+107]\n\tRtlClearBits [0x770BB71F+191]\n\n", "trace": "  File \"C:\\Users\\innoson\\PycharmProjects\\test-oya\\venv\\lib\\site-packages\\behave\\model.py\", line 1329, in run\n    match.run(runner.context)\n  File \"C:\\Users\\innoson\\PycharmProjects\\test-oya\\venv\\lib\\site-packages\\behave\\matchers.py\", line 98, in run\n    self.func(context, *args, **kwargs)\n  File \"features\\steps\\registersteps.py\", line 55, in step_impl\n    text = context.driver.find_element(By.XPATH, \"/html/body/div/div[2]/div/div/div[1]/div/div/h3\").text\n  File \"C:\\Users\\innoson\\PycharmProjects\\test-oya\\venv\\lib\\site-packages\\selenium\\webdriver\\remote\\webdriver.py\", line 740, in find_element\n    return self.execute(Command.FIND_ELEMENT, {\"using\": by, \"value\": value})[\"value\"]\n  File \"C:\\Users\\innoson\\PycharmProjects\\test-oya\\venv\\lib\\site-packages\\selenium\\webdriver\\remote\\webdriver.py\", line 346, in execute\n    self.error_handler.check_response(response)\n  File \"C:\\Users\\innoson\\PycharmProjects\\test-oya\\venv\\lib\\site-packages\\selenium\\webdriver\\remote\\errorhandler.py\", line 245, in check_response\n    raise exception_class(message, screen, stacktrace)\n"}, "start": 1691758691174, "stop": 1691758691198}], "parameters": [{"name": "first", "value": "0508038271"}, {"name": "second", "value": "0277718147"}], "start": 1691758684054, "stop": 1691758691199, "uuid": "9a8d76cc-39b4-4eeb-aac1-f6e2d1e9a8dc", "historyId": "25653b39c793a0dce4a6ea70a24b4474", "fullName": "Register: Registration new user", "labels": [{"name": "severity", "value": "normal"}, {"name": "feature", "value": "Register"}, {"name": "framework", "value": "behave"}, {"name": "language", "value": "cpython3"}]}