{"name": "Registration new user -- @1.2 ", "status": "broken", "statusDetails": {"message": "selenium.common.exceptions.NoSuchElementException: Message: no such element: Unable to locate element: {\"method\":\"xpath\",\"selector\":\"/html/body/div/div[2]/div/div/div[1]/div/div/h3\"}\n  (Session info: chrome=114.0.5735.248); For documentation on this error, please visit: https://www.selenium.dev/documentation/webdriver/troubleshooting/errors#no-such-element-exception\nStacktrace:\nBacktrace:\n\tGetHandleVerifier [0x0028A813+48355]\n\t(No symbol) [0x0021C4B1]\n\t(No symbol) [0x00125358]\n\t(No symbol) [0x001509A5]\n\t(No symbol) [0x00150B3B]\n\t(No symbol) [0x0017E232]\n\t(No symbol) [0x0016A784]\n\t(No symbol) [0x0017C922]\n\t(No symbol) [0x0016A536]\n\t(No symbol) [0x001482DC]\n\t(No symbol) [0x001493DD]\n\tGetHandleVerifier [0x004EAABD+2539405]\n\tGetHandleVerifier [0x0052A78F+2800735]\n\tGetHandleVerifier [0x0052456C+2775612]\n\tGetHandleVerifier [0x003151E0+616112]\n\t(No symbol) [0x00225F8C]\n\t(No symbol) [0x00222328]\n\t(No symbol) [0x0022240B]\n\t(No symbol) [0x00214FF7]\n\tBaseThreadInitThunk [0x76B87D59+25]\n\tRtlInitializeExceptionChain [0x77DCB79B+107]\n\tRtlClearBits [0x77DCB71F+191]\n\t(No symbol) [0x00000000]\n\n", "trace": "  File \"C:\\Users\\innoson\\PycharmProjects\\test-oya\\venv\\lib\\site-packages\\behave\\model.py\", line 1329, in run\n    match.run(runner.context)\n  File \"C:\\Users\\innoson\\PycharmProjects\\test-oya\\venv\\lib\\site-packages\\behave\\matchers.py\", line 98, in run\n    self.func(context, *args, **kwargs)\n  File \"features\\steps\\registersteps.py\", line 55, in step_impl\n    text = context.driver.find_element(By.XPATH, \"/html/body/div/div[2]/div/div/div[1]/div/div/h3\").text\n  File \"C:\\Users\\innoson\\PycharmProjects\\test-oya\\venv\\lib\\site-packages\\selenium\\webdriver\\remote\\webdriver.py\", line 740, in find_element\n    return self.execute(Command.FIND_ELEMENT, {\"using\": by, \"value\": value})[\"value\"]\n  File \"C:\\Users\\innoson\\PycharmProjects\\test-oya\\venv\\lib\\site-packages\\selenium\\webdriver\\remote\\webdriver.py\", line 346, in execute\n    self.error_handler.check_response(response)\n  File \"C:\\Users\\innoson\\PycharmProjects\\test-oya\\venv\\lib\\site-packages\\selenium\\webdriver\\remote\\errorhandler.py\", line 245, in check_response\n    raise exception_class(message, screen, stacktrace)\n"}, "steps": [{"name": "Given Launch chrome browser", "status": "passed", "start": 1690138057104, "stop": 1690138058993}, {"name": "When Open register page", "status": "passed", "start": 1690138058993, "stop": 1690138060228}, {"name": "And Enter firstname \"William\" and lastname \"Obese\"", "status": "passed", "start": 1690138060229, "stop": 1690138060690}, {"name": "And Select Ghana", "status": "passed", "start": 1690138060690, "stop": 1690138060745}, {"name": "And Enter Phone number", "status": "passed", "start": 1690138060745, "stop": 1690138060960}, {"name": "And Enter PIN", "status": "passed", "start": 1690138060961, "stop": 1690138061218}, {"name": "And Click on Enter", "status": "passed", "start": 1690138061219, "stop": 1690138061341}, {"name": "Then Enter first \"0508038271\" and second \"0277718147\"", "status": "passed", "start": 1690138061341, "stop": 1690138061590}, {"name": "Then Click on Submit", "status": "passed", "start": 1690138061590, "stop": 1690138061656}, {"name": "Then Redirection to Login page", "status": "broken", "statusDetails": {"message": "selenium.common.exceptions.NoSuchElementException: Message: no such element: Unable to locate element: {\"method\":\"xpath\",\"selector\":\"/html/body/div/div[2]/div/div/div[1]/div/div/h3\"}\n  (Session info: chrome=114.0.5735.248); For documentation on this error, please visit: https://www.selenium.dev/documentation/webdriver/troubleshooting/errors#no-such-element-exception\nStacktrace:\nBacktrace:\n\tGetHandleVerifier [0x0028A813+48355]\n\t(No symbol) [0x0021C4B1]\n\t(No symbol) [0x00125358]\n\t(No symbol) [0x001509A5]\n\t(No symbol) [0x00150B3B]\n\t(No symbol) [0x0017E232]\n\t(No symbol) [0x0016A784]\n\t(No symbol) [0x0017C922]\n\t(No symbol) [0x0016A536]\n\t(No symbol) [0x001482DC]\n\t(No symbol) [0x001493DD]\n\tGetHandleVerifier [0x004EAABD+2539405]\n\tGetHandleVerifier [0x0052A78F+2800735]\n\tGetHandleVerifier [0x0052456C+2775612]\n\tGetHandleVerifier [0x003151E0+616112]\n\t(No symbol) [0x00225F8C]\n\t(No symbol) [0x00222328]\n\t(No symbol) [0x0022240B]\n\t(No symbol) [0x00214FF7]\n\tBaseThreadInitThunk [0x76B87D59+25]\n\tRtlInitializeExceptionChain [0x77DCB79B+107]\n\tRtlClearBits [0x77DCB71F+191]\n\t(No symbol) [0x00000000]\n\n", "trace": "  File \"C:\\Users\\innoson\\PycharmProjects\\test-oya\\venv\\lib\\site-packages\\behave\\model.py\", line 1329, in run\n    match.run(runner.context)\n  File \"C:\\Users\\innoson\\PycharmProjects\\test-oya\\venv\\lib\\site-packages\\behave\\matchers.py\", line 98, in run\n    self.func(context, *args, **kwargs)\n  File \"features\\steps\\registersteps.py\", line 55, in step_impl\n    text = context.driver.find_element(By.XPATH, \"/html/body/div/div[2]/div/div/div[1]/div/div/h3\").text\n  File \"C:\\Users\\innoson\\PycharmProjects\\test-oya\\venv\\lib\\site-packages\\selenium\\webdriver\\remote\\webdriver.py\", line 740, in find_element\n    return self.execute(Command.FIND_ELEMENT, {\"using\": by, \"value\": value})[\"value\"]\n  File \"C:\\Users\\innoson\\PycharmProjects\\test-oya\\venv\\lib\\site-packages\\selenium\\webdriver\\remote\\webdriver.py\", line 346, in execute\n    self.error_handler.check_response(response)\n  File \"C:\\Users\\innoson\\PycharmProjects\\test-oya\\venv\\lib\\site-packages\\selenium\\webdriver\\remote\\errorhandler.py\", line 245, in check_response\n    raise exception_class(message, screen, stacktrace)\n"}, "start": 1690138061656, "stop": 1690138061670}], "parameters": [{"name": "first", "value": "0508038271"}, {"name": "second", "value": "0277718147"}], "start": 1690138057102, "stop": 1690138061670, "uuid": "8fc0f399-0a14-42b9-be94-d0a2157ecdb2", "historyId": "25653b39c793a0dce4a6ea70a24b4474", "fullName": "Register: Registration new user", "labels": [{"name": "severity", "value": "normal"}, {"name": "feature", "value": "Register"}, {"name": "framework", "value": "behave"}, {"name": "language", "value": "cpython3"}]}