{"name": "Registration new user -- @1.1 ", "status": "broken", "statusDetails": {"message": "selenium.common.exceptions.NoSuchElementException: Message: no such element: Unable to locate element: {\"method\":\"xpath\",\"selector\":\"/html/body/div/div[2]/div/div/div[1]/div/div/h3\"}\n  (Session info: chrome=114.0.5735.248); For documentation on this error, please visit: https://www.selenium.dev/documentation/webdriver/troubleshooting/errors#no-such-element-exception\nStacktrace:\nBacktrace:\n\tGetHandleVerifier [0x0028A813+48355]\n\t(No symbol) [0x0021C4B1]\n\t(No symbol) [0x00125358]\n\t(No symbol) [0x001509A5]\n\t(No symbol) [0x00150B3B]\n\t(No symbol) [0x0017E232]\n\t(No symbol) [0x0016A784]\n\t(No symbol) [0x0017C922]\n\t(No symbol) [0x0016A536]\n\t(No symbol) [0x001482DC]\n\t(No symbol) [0x001493DD]\n\tGetHandleVerifier [0x004EAABD+2539405]\n\tGetHandleVerifier [0x0052A78F+2800735]\n\tGetHandleVerifier [0x0052456C+2775612]\n\tGetHandleVerifier [0x003151E0+616112]\n\t(No symbol) [0x00225F8C]\n\t(No symbol) [0x00222328]\n\t(No symbol) [0x0022240B]\n\t(No symbol) [0x00214FF7]\n\tBaseThreadInitThunk [0x76B87D59+25]\n\tRtlInitializeExceptionChain [0x77DCB79B+107]\n\tRtlClearBits [0x77DCB71F+191]\n\t(No symbol) [0x00000000]\n\n", "trace": "  File \"C:\\Users\\innoson\\PycharmProjects\\test-oya\\venv\\lib\\site-packages\\behave\\model.py\", line 1329, in run\n    match.run(runner.context)\n  File \"C:\\Users\\innoson\\PycharmProjects\\test-oya\\venv\\lib\\site-packages\\behave\\matchers.py\", line 98, in run\n    self.func(context, *args, **kwargs)\n  File \"features\\steps\\registersteps.py\", line 55, in step_impl\n    text = context.driver.find_element(By.XPATH, \"/html/body/div/div[2]/div/div/div[1]/div/div/h3\").text\n  File \"C:\\Users\\innoson\\PycharmProjects\\test-oya\\venv\\lib\\site-packages\\selenium\\webdriver\\remote\\webdriver.py\", line 740, in find_element\n    return self.execute(Command.FIND_ELEMENT, {\"using\": by, \"value\": value})[\"value\"]\n  File \"C:\\Users\\innoson\\PycharmProjects\\test-oya\\venv\\lib\\site-packages\\selenium\\webdriver\\remote\\webdriver.py\", line 346, in execute\n    self.error_handler.check_response(response)\n  File \"C:\\Users\\innoson\\PycharmProjects\\test-oya\\venv\\lib\\site-packages\\selenium\\webdriver\\remote\\errorhandler.py\", line 245, in check_response\n    raise exception_class(message, screen, stacktrace)\n"}, "steps": [{"name": "Given Launch chrome browser", "status": "passed", "start": 1690138052998, "stop": 1690138054493}, {"name": "When Open register page", "status": "passed", "start": 1690138054493, "stop": 1690138055811}, {"name": "And Enter firstname \"William\" and lastname \"Obese\"", "status": "passed", "start": 1690138055811, "stop": 1690138056191}, {"name": "And Select Ghana", "status": "passed", "start": 1690138056191, "stop": 1690138056232}, {"name": "And Enter Phone number", "status": "passed", "start": 1690138056232, "stop": 1690138056430}, {"name": "And Enter PIN", "status": "passed", "start": 1690138056430, "stop": 1690138056628}, {"name": "And Click on Enter", "status": "passed", "start": 1690138056628, "stop": 1690138056760}, {"name": "Then Enter first \"0208033577\" and second \"0208033577\"", "status": "passed", "start": 1690138056760, "stop": 1690138057018}, {"name": "Then Click on Submit", "status": "passed", "start": 1690138057018, "stop": 1690138057083}, {"name": "Then Redirection to Login page", "status": "broken", "statusDetails": {"message": "selenium.common.exceptions.NoSuchElementException: Message: no such element: Unable to locate element: {\"method\":\"xpath\",\"selector\":\"/html/body/div/div[2]/div/div/div[1]/div/div/h3\"}\n  (Session info: chrome=114.0.5735.248); For documentation on this error, please visit: https://www.selenium.dev/documentation/webdriver/troubleshooting/errors#no-such-element-exception\nStacktrace:\nBacktrace:\n\tGetHandleVerifier [0x0028A813+48355]\n\t(No symbol) [0x0021C4B1]\n\t(No symbol) [0x00125358]\n\t(No symbol) [0x001509A5]\n\t(No symbol) [0x00150B3B]\n\t(No symbol) [0x0017E232]\n\t(No symbol) [0x0016A784]\n\t(No symbol) [0x0017C922]\n\t(No symbol) [0x0016A536]\n\t(No symbol) [0x001482DC]\n\t(No symbol) [0x001493DD]\n\tGetHandleVerifier [0x004EAABD+2539405]\n\tGetHandleVerifier [0x0052A78F+2800735]\n\tGetHandleVerifier [0x0052456C+2775612]\n\tGetHandleVerifier [0x003151E0+616112]\n\t(No symbol) [0x00225F8C]\n\t(No symbol) [0x00222328]\n\t(No symbol) [0x0022240B]\n\t(No symbol) [0x00214FF7]\n\tBaseThreadInitThunk [0x76B87D59+25]\n\tRtlInitializeExceptionChain [0x77DCB79B+107]\n\tRtlClearBits [0x77DCB71F+191]\n\t(No symbol) [0x00000000]\n\n", "trace": "  File \"C:\\Users\\innoson\\PycharmProjects\\test-oya\\venv\\lib\\site-packages\\behave\\model.py\", line 1329, in run\n    match.run(runner.context)\n  File \"C:\\Users\\innoson\\PycharmProjects\\test-oya\\venv\\lib\\site-packages\\behave\\matchers.py\", line 98, in run\n    self.func(context, *args, **kwargs)\n  File \"features\\steps\\registersteps.py\", line 55, in step_impl\n    text = context.driver.find_element(By.XPATH, \"/html/body/div/div[2]/div/div/div[1]/div/div/h3\").text\n  File \"C:\\Users\\innoson\\PycharmProjects\\test-oya\\venv\\lib\\site-packages\\selenium\\webdriver\\remote\\webdriver.py\", line 740, in find_element\n    return self.execute(Command.FIND_ELEMENT, {\"using\": by, \"value\": value})[\"value\"]\n  File \"C:\\Users\\innoson\\PycharmProjects\\test-oya\\venv\\lib\\site-packages\\selenium\\webdriver\\remote\\webdriver.py\", line 346, in execute\n    self.error_handler.check_response(response)\n  File \"C:\\Users\\innoson\\PycharmProjects\\test-oya\\venv\\lib\\site-packages\\selenium\\webdriver\\remote\\errorhandler.py\", line 245, in check_response\n    raise exception_class(message, screen, stacktrace)\n"}, "start": 1690138057083, "stop": 1690138057100}], "parameters": [{"name": "first", "value": "0208033577"}, {"name": "second", "value": "0208033577"}], "start": 1690138052997, "stop": 1690138057102, "uuid": "5a09d8d6-c56f-4a56-93cf-fc3b8bf2c758", "historyId": "240f1e38ddeac9ae2695f96f032015a2", "fullName": "Register: Registration new user", "labels": [{"name": "severity", "value": "normal"}, {"name": "feature", "value": "Register"}, {"name": "framework", "value": "behave"}, {"name": "language", "value": "cpython3"}]}